android/build/outputs/logs/manifest-merger-debug-report.txt
-- Merging decision tree log ---
manifest
ADDED from -flightless_bird-master/android/AndroidManifest.xml:2:1-89:12
INJECTED from -flightless_bird-master/android/AndroidManifest.xml:2:1-89:12
INJECTED from -flightless_bird-master/android/AndroidManifest.xml:2:1-89:12
INJECTED from -flightless_bird-master/android/AndroidManifest.xml:2:1-89:12
MERGED from [com.android.support:multidex:1.0.3] AndroidManifest.xml:17:1-22:12
MERGED from [de.tomgrill.gdxdialogs:gdx-dialogs-android:1.3.0] AndroidManifest.xml:2:1-11:12
MERGED from [com.android.support:design:28.0.0] AndroidManifest.xml:17:1-24:12
MERGED from [com.android.support:appcompat-v7:28.0.0] AndroidManifest.xml:17:1-22:12
MERGED from [de.golfgl.gdxgamesvcs:gdx-gamesvcs-android-gpgs:0.2.5] AndroidManifest.xml:2:1-11:12
MERGED from [pl.mk5.gdx-fireapp:gdx-fireapp-android:1.9.2] AndroidManifest.xml:17:1-32:12
MERGED from [com.google.firebase:firebase-core:16.0.9] AndroidManifest.xml:2:1-9:12
MERGED from [com.google.firebase:firebase-storage:17.0.0] AndroidManifest.xml:15:1-37:12
MERGED from [com.google.firebase:firebase-auth:17.0.0] AndroidManifest.xml:17:1-42:12
MERGED from [com.google.firebase:firebase-database:17.0.0] AndroidManifest.xml:15:1-36:12
MERGED from [com.google.android.gms:play-services-auth:16.0.1] AndroidManifest.xml:17:1-39:12
MERGED from [com.google.android.gms:play-services-games:17.0.0] AndroidManifest.xml:17:1-24:12
MERGED from [com.google.android.gms:play-services-plus:16.0.0] AndroidManifest.xml:17:1-24:12
MERGED from [com.google.android.gms:play-services-ads:17.2.1] AndroidManifest.xml:17:1-25:12
MERGED from [com.crashlytics.sdk.android:crashlytics:2.10.1] AndroidManifest.xml:2:1-26:12
MERGED from [com.google.firebase:firebase-messaging:18.0.0] AndroidManifest.xml:17:1-37:12
MERGED from [com.google.firebase:firebase-auth-interop:17.0.0] AndroidManifest.xml:2:1-10:12
MERGED from [com.google.android.gms:play-services-flags:16.0.1] AndroidManifest.xml:17:1-22:12
MERGED from [com.google.android.gms:play-services-auth-api-phone:16.0.0] AndroidManifest.xml:2:1-7:12
MERGED from [com.google.android.gms:play-services-auth-base:16.0.0] AndroidManifest.xml:2:1-7:12
MERGED from [com.google.android.gms:play-services-drive:16.0.0] AndroidManifest.xml:17:1-24:12
MERGED from [com.google.android.gms:play-services-audience:16.0.0] AndroidManifest.xml:17:1-24:12
MERGED from [com.google.firebase:firebase-analytics:16.5.0] AndroidManifest.xml:2:1-9:12
MERGED from [com.google.android.gms:play-services-measurement-api:16.5.0] AndroidManifest.xml:17:1-36:12
MERGED from [com.google.firebase:firebase-iid:18.0.0] AndroidManifest.xml:17:1-47:12
MERGED from [com.google.firebase:firebase-iid-interop:16.0.1] AndroidManifest.xml:2:1-10:12
MERGED from [com.google.android.gms:play-services-base:16.1.0] AndroidManifest.xml:17:1-29:12
MERGED from [com.google.firebase:firebase-common:17.0.0] AndroidManifest.xml:2:1-19:12
MERGED from [com.google.android.gms:play-services-tasks:16.0.1] AndroidManifest.xml:2:1-9:12
MERGED from [com.google.android.gms:play-services-measurement:16.5.0] AndroidManifest.xml:17:1-55:12
MERGED from [com.google.android.gms:play-services-measurement-sdk:16.5.0] AndroidManifest.xml:17:1-25:12
MERGED from [com.google.android.gms:play-services-measurement-impl:16.5.0] AndroidManifest.xml:17:1-40:12
MERGED from [com.google.android.gms:play-services-ads-identifier:16.0.0] AndroidManifest.xml:17:1-24:12
MERGED from [com.google.android.gms:play-services-ads-lite:17.2.1] AndroidManifest.xml:17:1-42:12
MERGED from [com.google.android.gms:play-services-gass:17.2.1] AndroidManifest.xml:2:1-9:12
MERGED from [com.google.firebase:firebase-measurement-connector:17.0.1] AndroidManifest.xml:17:1-25:12
MERGED from [com.google.android.gms:play-services-stats:16.0.1] AndroidManifest.xml:2:1-9:12
MERGED from [com.google.android.gms:play-services-measurement-sdk-api:16.5.0] AndroidManifest.xml:17:1-40:12
MERGED from [com.google.android.gms:play-services-measurement-base:16.5.0] AndroidManifest.xml:2:1-9:12
MERGED from [com.google.android.gms:play-services-basement:16.2.0] AndroidManifest.xml:17:1-28:12
MERGED from [com.android.support:support-v4:26.1.0] AndroidManifest.xml:17:1-31:12
MERGED from [com.android.support:support-fragment:28.0.0] AndroidManifest.xml:17:1-22:12
MERGED from [com.android.support:animated-vector-drawable:28.0.0] AndroidManifest.xml:17:1-22:12
MERGED from [com.android.support:recyclerview-v7:28.0.0] AndroidManifest.xml:17:1-22:12
MERGED from [com.android.support:support-core-ui:28.0.0] AndroidManifest.xml:17:1-22:12
MERGED from [com.android.support:support-core-utils:28.0.0] AndroidManifest.xml:17:1-22:12
MERGED from [com.android.support:support-vector-drawable:28.0.0] AndroidManifest.xml:17:1-22:12
MERGED from [com.android.support:transition:28.0.0] AndroidManifest.xml:17:1-22:12
MERGED from [com.android.support:customtabs:26.1.0] AndroidManifest.xml:17:1-28:12
MERGED from [com.android.support:loader:28.0.0] AndroidManifest.xml:17:1-22:12
MERGED from [com.android.support:viewpager:28.0.0] AndroidManifest.xml:17:1-22:12
MERGED from [com.android.support:coordinatorlayout:28.0.0] AndroidManifest.xml:17:1-22:12
MERGED from [com.android.support:drawerlayout:28.0.0] AndroidManifest.xml:17:1-22:12
MERGED from [com.android.support:slidingpanelayout:28.0.0] AndroidManifest.xml:17:1-22:12
MERGED from [com.android.support:customview:28.0.0] AndroidManifest.xml:17:1-22:12
MERGED from [com.android.support:swiperefreshlayout:28.0.0] AndroidManifest.xml:17:1-22:12
MERGED from [com.android.support:asynclayoutinflater:28.0.0] AndroidManifest.xml:17:1-22:12
MERGED from [com.android.support:support-media-compat:26.1.0] AndroidManifest.xml:17:1-31:12
MERGED from [com.android.support:support-compat:28.0.0] AndroidManifest.xml:17:1-24:12
MERGED from [com.android.support:versionedparcelable:28.0.0] AndroidManifest.xml:17:1-25:12
MERGED from [com.android.support:cursoradapter:28.0.0] AndroidManifest.xml:17:1-22:12
MERGED from [com.android.support:cardview-v7:28.0.0] AndroidManifest.xml:17:1-22:12
MERGED from [android.arch.lifecycle:runtime:1.1.1] AndroidManifest.xml:17:1-22:12
MERGED from [com.android.support:documentfile:28.0.0] AndroidManifest.xml:17:1-22:12
MERGED from [com.android.support:localbroadcastmanager:28.0.0] AndroidManifest.xml:17:1-22:12
MERGED from [com.android.support:print:28.0.0] AndroidManifest.xml:17:1-22:12
MERGED from [android.arch.lifecycle:viewmodel:1.1.1] AndroidManifest.xml:17:1-22:12
MERGED from [com.android.support:interpolator:28.0.0] AndroidManifest.xml:17:1-22:12
MERGED from [android.arch.lifecycle:livedata:1.1.1] AndroidManifest.xml:17:1-22:12
MERGED from [android.arch.lifecycle:livedata-core:1.1.1] AndroidManifest.xml:17:1-22:12
MERGED from [android.arch.core:runtime:1.1.1] AndroidManifest.xml:17:1-22:12
MERGED from [com.google.firebase:firebase-database-collection:16.0.1] AndroidManifest.xml:2:1-7:12
MERGED from [com.google.android.gms:play-services-ads-base:17.2.1] AndroidManifest.xml:2:1-9:12
MERGED from [com.crashlytics.sdk.android:crashlytics-core:2.7.0] AndroidManifest.xml:45:1-56:12
MERGED from [com.crashlytics.sdk.android:beta:1.2.10] AndroidManifest.xml:2:1-13:12
MERGED from [com.crashlytics.sdk.android:answers:1.4.7] AndroidManifest.xml:2:1-13:12
MERGED from [io.fabric.sdk.android:fabric:1.4.8] AndroidManifest.xml:22:1-33:12
INJECTED from -flightless_bird-master/android/AndroidManifest.xml:2:1-89:12
INJECTED from -flightless_bird-master/android/AndroidManifest.xml:2:1-89:12
INJECTED from -flightless_bird-master/android/AndroidManifest.xml:2:1-89:12
	package
		ADDED from -flightless_bird-master/android/AndroidManifest.xml:3:5-41
		INJECTED from -flightless_bird-master/android/AndroidManifest.xml
		INJECTED from -flightless_bird-master/android/AndroidManifest.xml
	android:versionName
		INJECTED from -flightless_bird-master/android/AndroidManifest.xml
		ADDED from -flightless_bird-master/android/AndroidManifest.xml:2:1-89:12
		INJECTED from -flightless_bird-master/android/AndroidManifest.xml
	android:versionCode
		INJECTED from -flightless_bird-master/android/AndroidManifest.xml
		ADDED from -flightless_bird-master/android/AndroidManifest.xml:2:1-89:12
		INJECTED from -flightless_bird-master/android/AndroidManifest.xml
	xmlns:android
		ADDED from -flightless_bird-master/android/AndroidManifest.xml:2:11-69
uses-permission#android.permission.INTERNET
ADDED from -flightless_bird-master/android/AndroidManifest.xml:5:5-67
MERGED from [pl.mk5.gdx-fireapp:gdx-fireapp-android:1.9.2] AndroidManifest.xml:27:5-67
MERGED from [pl.mk5.gdx-fireapp:gdx-fireapp-android:1.9.2] AndroidManifest.xml:27:5-67
MERGED from [com.google.firebase:firebase-storage:17.0.0] AndroidManifest.xml:27:5-67
MERGED from [com.google.firebase:firebase-storage:17.0.0] AndroidManifest.xml:27:5-67
MERGED from [com.google.firebase:firebase-database:17.0.0] AndroidManifest.xml:26:5-67
MERGED from [com.google.firebase:firebase-database:17.0.0] AndroidManifest.xml:26:5-67
MERGED from [com.crashlytics.sdk.android:crashlytics:2.10.1] AndroidManifest.xml:16:5-67
MERGED from [com.crashlytics.sdk.android:crashlytics:2.10.1] AndroidManifest.xml:16:5-67
MERGED from [com.google.android.gms:play-services-measurement-api:16.5.0] AndroidManifest.xml:22:5-67
MERGED from [com.google.android.gms:play-services-measurement-api:16.5.0] AndroidManifest.xml:22:5-67
MERGED from [com.google.firebase:firebase-iid:18.0.0] AndroidManifest.xml:23:5-67
MERGED from [com.google.firebase:firebase-iid:18.0.0] AndroidManifest.xml:23:5-67
MERGED from [com.google.android.gms:play-services-measurement:16.5.0] AndroidManifest.xml:23:5-67
MERGED from [com.google.android.gms:play-services-measurement:16.5.0] AndroidManifest.xml:23:5-67
MERGED from [com.google.android.gms:play-services-measurement-impl:16.5.0] AndroidManifest.xml:23:5-67
MERGED from [com.google.android.gms:play-services-measurement-impl:16.5.0] AndroidManifest.xml:23:5-67
MERGED from [com.google.android.gms:play-services-ads-lite:17.2.1] AndroidManifest.xml:23:5-67
MERGED from [com.google.android.gms:play-services-ads-lite:17.2.1] AndroidManifest.xml:23:5-67
MERGED from [com.google.android.gms:play-services-measurement-sdk-api:16.5.0] AndroidManifest.xml:23:5-67
MERGED from [com.google.android.gms:play-services-measurement-sdk-api:16.5.0] AndroidManifest.xml:23:5-67
MERGED from [com.crashlytics.sdk.android:crashlytics-core:2.7.0] AndroidManifest.xml:52:5-67
MERGED from [com.crashlytics.sdk.android:crashlytics-core:2.7.0] AndroidManifest.xml:52:5-67
MERGED from [com.crashlytics.sdk.android:beta:1.2.10] AndroidManifest.xml:9:5-67
MERGED from [com.crashlytics.sdk.android:beta:1.2.10] AndroidManifest.xml:9:5-67
MERGED from [com.crashlytics.sdk.android:answers:1.4.7] AndroidManifest.xml:9:5-67
MERGED from [com.crashlytics.sdk.android:answers:1.4.7] AndroidManifest.xml:9:5-67
MERGED from [io.fabric.sdk.android:fabric:1.4.8] AndroidManifest.xml:29:5-67
MERGED from [io.fabric.sdk.android:fabric:1.4.8] AndroidManifest.xml:29:5-67
	android:name
		ADDED from -flightless_bird-master/android/AndroidManifest.xml:5:22-64
uses-permission#android.permission.BLUETOOTH
ADDED from -flightless_bird-master/android/AndroidManifest.xml:6:5-68
	android:name
		ADDED from -flightless_bird-master/android/AndroidManifest.xml:6:22-65
uses-permission#android.permission.RECEIVE_BOOT_COMPLETED
ADDED from -flightless_bird-master/android/AndroidManifest.xml:7:5-81
	android:name
		ADDED from -flightless_bird-master/android/AndroidManifest.xml:7:22-78
uses-permission#android.permission.SET_ALARM
ADDED from -flightless_bird-master/android/AndroidManifest.xml:8:5-68
	android:name
		ADDED from -flightless_bird-master/android/AndroidManifest.xml:8:22-65
uses-permission#android.permission.VIBRATE
ADDED from -flightless_bird-master/android/AndroidManifest.xml:9:5-66
	android:name
		ADDED from -flightless_bird-master/android/AndroidManifest.xml:9:22-63
application
ADDED from -flightless_bird-master/android/AndroidManifest.xml:11:5-86:19
MERGED from [de.tomgrill.gdxdialogs:gdx-dialogs-android:1.3.0] AndroidManifest.xml:9:5-20
MERGED from [de.tomgrill.gdxdialogs:gdx-dialogs-android:1.3.0] AndroidManifest.xml:9:5-20
MERGED from [com.android.support:design:28.0.0] AndroidManifest.xml:22:5-20
MERGED from [com.android.support:design:28.0.0] AndroidManifest.xml:22:5-20
MERGED from [de.golfgl.gdxgamesvcs:gdx-gamesvcs-android-gpgs:0.2.5] AndroidManifest.xml:9:5-20
MERGED from [de.golfgl.gdxgamesvcs:gdx-gamesvcs-android-gpgs:0.2.5] AndroidManifest.xml:9:5-20
MERGED from [pl.mk5.gdx-fireapp:gdx-fireapp-android:1.9.2] AndroidManifest.xml:30:5-53
MERGED from [pl.mk5.gdx-fireapp:gdx-fireapp-android:1.9.2] AndroidManifest.xml:30:5-53
MERGED from [com.google.firebase:firebase-core:16.0.9] AndroidManifest.xml:7:5-20
MERGED from [com.google.firebase:firebase-core:16.0.9] AndroidManifest.xml:7:5-20
MERGED from [com.google.firebase:firebase-storage:17.0.0] AndroidManifest.xml:29:5-35:19
MERGED from [com.google.firebase:firebase-storage:17.0.0] AndroidManifest.xml:29:5-35:19
MERGED from [com.google.firebase:firebase-auth:17.0.0] AndroidManifest.xml:23:5-40:19
MERGED from [com.google.firebase:firebase-auth:17.0.0] AndroidManifest.xml:23:5-40:19
MERGED from [com.google.firebase:firebase-database:17.0.0] AndroidManifest.xml:28:5-34:19
MERGED from [com.google.firebase:firebase-database:17.0.0] AndroidManifest.xml:28:5-34:19
MERGED from [com.google.android.gms:play-services-auth:16.0.1] AndroidManifest.xml:22:5-37:19
MERGED from [com.google.android.gms:play-services-auth:16.0.1] AndroidManifest.xml:22:5-37:19
MERGED from [com.google.android.gms:play-services-games:17.0.0] AndroidManifest.xml:22:5-20
MERGED from [com.google.android.gms:play-services-games:17.0.0] AndroidManifest.xml:22:5-20
MERGED from [com.google.android.gms:play-services-plus:16.0.0] AndroidManifest.xml:22:5-20
MERGED from [com.google.android.gms:play-services-plus:16.0.0] AndroidManifest.xml:22:5-20
MERGED from [com.crashlytics.sdk.android:crashlytics:2.10.1] AndroidManifest.xml:18:5-24:19
MERGED from [com.crashlytics.sdk.android:crashlytics:2.10.1] AndroidManifest.xml:18:5-24:19
MERGED from [com.google.firebase:firebase-messaging:18.0.0] AndroidManifest.xml:22:5-35:19
MERGED from [com.google.firebase:firebase-messaging:18.0.0] AndroidManifest.xml:22:5-35:19
MERGED from [com.google.firebase:firebase-auth-interop:17.0.0] AndroidManifest.xml:7:5-8:19
MERGED from [com.google.firebase:firebase-auth-interop:17.0.0] AndroidManifest.xml:7:5-8:19
MERGED from [com.google.android.gms:play-services-drive:16.0.0] AndroidManifest.xml:22:5-20
MERGED from [com.google.android.gms:play-services-drive:16.0.0] AndroidManifest.xml:22:5-20
MERGED from [com.google.android.gms:play-services-audience:16.0.0] AndroidManifest.xml:22:5-20
MERGED from [com.google.android.gms:play-services-audience:16.0.0] AndroidManifest.xml:22:5-20
MERGED from [com.google.firebase:firebase-analytics:16.5.0] AndroidManifest.xml:7:5-20
MERGED from [com.google.firebase:firebase-analytics:16.5.0] AndroidManifest.xml:7:5-20
MERGED from [com.google.android.gms:play-services-measurement-api:16.5.0] AndroidManifest.xml:26:5-34:19
MERGED from [com.google.android.gms:play-services-measurement-api:16.5.0] AndroidManifest.xml:26:5-34:19
MERGED from [com.google.firebase:firebase-iid:18.0.0] AndroidManifest.xml:28:5-45:19
MERGED from [com.google.firebase:firebase-iid:18.0.0] AndroidManifest.xml:28:5-45:19
MERGED from [com.google.firebase:firebase-iid-interop:16.0.1] AndroidManifest.xml:7:5-8:19
MERGED from [com.google.firebase:firebase-iid-interop:16.0.1] AndroidManifest.xml:7:5-8:19
MERGED from [com.google.android.gms:play-services-base:16.1.0] AndroidManifest.xml:22:5-27:19
MERGED from [com.google.android.gms:play-services-base:16.1.0] AndroidManifest.xml:22:5-27:19
MERGED from [com.google.firebase:firebase-common:17.0.0] AndroidManifest.xml:11:5-17:19
MERGED from [com.google.firebase:firebase-common:17.0.0] AndroidManifest.xml:11:5-17:19
MERGED from [com.google.android.gms:play-services-tasks:16.0.1] AndroidManifest.xml:7:5-20
MERGED from [com.google.android.gms:play-services-tasks:16.0.1] AndroidManifest.xml:7:5-20
MERGED from [com.google.android.gms:play-services-measurement:16.5.0] AndroidManifest.xml:28:5-53:19
MERGED from [com.google.android.gms:play-services-measurement:16.5.0] AndroidManifest.xml:28:5-53:19
MERGED from [com.google.android.gms:play-services-measurement-sdk:16.5.0] AndroidManifest.xml:22:5-23:19
MERGED from [com.google.android.gms:play-services-measurement-sdk:16.5.0] AndroidManifest.xml:22:5-23:19
MERGED from [com.google.android.gms:play-services-measurement-impl:16.5.0] AndroidManifest.xml:28:5-38:19
MERGED from [com.google.android.gms:play-services-measurement-impl:16.5.0] AndroidManifest.xml:28:5-38:19
MERGED from [com.google.android.gms:play-services-ads-identifier:16.0.0] AndroidManifest.xml:22:5-20
MERGED from [com.google.android.gms:play-services-ads-identifier:16.0.0] AndroidManifest.xml:22:5-20
MERGED from [com.google.android.gms:play-services-ads-lite:17.2.1] AndroidManifest.xml:26:5-40:19
MERGED from [com.google.android.gms:play-services-ads-lite:17.2.1] AndroidManifest.xml:26:5-40:19
MERGED from [com.google.android.gms:play-services-gass:17.2.1] AndroidManifest.xml:7:5-20
MERGED from [com.google.android.gms:play-services-gass:17.2.1] AndroidManifest.xml:7:5-20
MERGED from [com.google.firebase:firebase-measurement-connector:17.0.1] AndroidManifest.xml:22:5-23:19
MERGED from [com.google.firebase:firebase-measurement-connector:17.0.1] AndroidManifest.xml:22:5-23:19
MERGED from [com.google.android.gms:play-services-stats:16.0.1] AndroidManifest.xml:7:5-20
MERGED from [com.google.android.gms:play-services-stats:16.0.1] AndroidManifest.xml:7:5-20
MERGED from [com.google.android.gms:play-services-measurement-sdk-api:16.5.0] AndroidManifest.xml:28:5-38:19
MERGED from [com.google.android.gms:play-services-measurement-sdk-api:16.5.0] AndroidManifest.xml:28:5-38:19
MERGED from [com.google.android.gms:play-services-measurement-base:16.5.0] AndroidManifest.xml:7:5-20
MERGED from [com.google.android.gms:play-services-measurement-base:16.5.0] AndroidManifest.xml:7:5-20
MERGED from [com.google.android.gms:play-services-basement:16.2.0] AndroidManifest.xml:22:5-26:19
MERGED from [com.google.android.gms:play-services-basement:16.2.0] AndroidManifest.xml:22:5-26:19
MERGED from [com.android.support:support-v4:26.1.0] AndroidManifest.xml:25:5-29:19
MERGED from [com.android.support:support-v4:26.1.0] AndroidManifest.xml:25:5-29:19
MERGED from [com.android.support:customtabs:26.1.0] AndroidManifest.xml:22:5-26:19
MERGED from [com.android.support:customtabs:26.1.0] AndroidManifest.xml:22:5-26:19
MERGED from [com.android.support:support-media-compat:26.1.0] AndroidManifest.xml:25:5-29:19
MERGED from [com.android.support:support-media-compat:26.1.0] AndroidManifest.xml:25:5-29:19
MERGED from [com.android.support:support-compat:28.0.0] AndroidManifest.xml:22:5-94
MERGED from [com.android.support:support-compat:28.0.0] AndroidManifest.xml:22:5-94
MERGED from [com.android.support:versionedparcelable:28.0.0] AndroidManifest.xml:22:5-23:19
MERGED from [com.android.support:versionedparcelable:28.0.0] AndroidManifest.xml:22:5-23:19
MERGED from [com.google.android.gms:play-services-ads-base:17.2.1] AndroidManifest.xml:7:5-20
MERGED from [com.google.android.gms:play-services-ads-base:17.2.1] AndroidManifest.xml:7:5-20
MERGED from [com.crashlytics.sdk.android:crashlytics-core:2.7.0] AndroidManifest.xml:54:5-20
MERGED from [com.crashlytics.sdk.android:crashlytics-core:2.7.0] AndroidManifest.xml:54:5-20
MERGED from [com.crashlytics.sdk.android:beta:1.2.10] AndroidManifest.xml:11:5-20
MERGED from [com.crashlytics.sdk.android:beta:1.2.10] AndroidManifest.xml:11:5-20
MERGED from [com.crashlytics.sdk.android:answers:1.4.7] AndroidManifest.xml:11:5-20
MERGED from [com.crashlytics.sdk.android:answers:1.4.7] AndroidManifest.xml:11:5-20
MERGED from [io.fabric.sdk.android:fabric:1.4.8] AndroidManifest.xml:31:5-20
MERGED from [io.fabric.sdk.android:fabric:1.4.8] AndroidManifest.xml:31:5-20
	android:appComponentFactory
		ADDED from [com.android.support:support-compat:28.0.0] AndroidManifest.xml:22:18-91
	android:label
		ADDED from -flightless_bird-master/android/AndroidManifest.xml:16:9-41
	android:hardwareAccelerated
		ADDED from -flightless_bird-master/android/AndroidManifest.xml:14:9-44
	android:roundIcon
		ADDED from -flightless_bird-master/android/AndroidManifest.xml:18:9-54
	android:largeHeap
		ADDED from -flightless_bird-master/android/AndroidManifest.xml:17:9-33
	android:icon
		ADDED from -flightless_bird-master/android/AndroidManifest.xml:15:9-43
	android:allowBackup
		ADDED from -flightless_bird-master/android/AndroidManifest.xml:13:9-35
	android:theme
		ADDED from -flightless_bird-master/android/AndroidManifest.xml:19:9-40
	android:name
		ADDED from -flightless_bird-master/android/AndroidManifest.xml:12:9-64
activity#com.naysapp.flightlessbird.AndroidLauncher
ADDED from -flightless_bird-master/android/AndroidManifest.xml:20:9-29:20
	android:screenOrientation
		ADDED from -flightless_bird-master/android/AndroidManifest.xml:24:13-56
	android:label
		ADDED from -flightless_bird-master/android/AndroidManifest.xml:23:13-45
	android:configChanges
		ADDED from -flightless_bird-master/android/AndroidManifest.xml:22:13-94
	android:name
		ADDED from -flightless_bird-master/android/AndroidManifest.xml:21:13-70
intent-filter#action:name:android.intent.action.MAIN+category:name:android.intent.category.LAUNCHER
ADDED from -flightless_bird-master/android/AndroidManifest.xml:25:13-28:29
action#android.intent.action.MAIN
ADDED from -flightless_bird-master/android/AndroidManifest.xml:26:17-69
	android:name
		ADDED from -flightless_bird-master/android/AndroidManifest.xml:26:25-66
category#android.intent.category.LAUNCHER
ADDED from -flightless_bird-master/android/AndroidManifest.xml:27:17-77
	android:name
		ADDED from -flightless_bird-master/android/AndroidManifest.xml:27:27-74
activity#com.naysapp.flightlessbird.ui.AboutFlightlessBirdActivity
ADDED from -flightless_bird-master/android/AndroidManifest.xml:30:9-33:47
	android:screenOrientation
		ADDED from -flightless_bird-master/android/AndroidManifest.xml:32:13-49
	android:theme
		ADDED from -flightless_bird-master/android/AndroidManifest.xml:33:13-44
	android:name
		ADDED from -flightless_bird-master/android/AndroidManifest.xml:31:13-85
activity#com.naysapp.flightlessbird.ui.LoginAsGuestActivity
ADDED from -flightless_bird-master/android/AndroidManifest.xml:34:9-36:52
	android:screenOrientation
		ADDED from -flightless_bird-master/android/AndroidManifest.xml:36:13-49
	android:name
		ADDED from -flightless_bird-master/android/AndroidManifest.xml:35:13-78
receiver#com.naysapp.flightlessbird.services.BirdMaydayService
ADDED from -flightless_bird-master/android/AndroidManifest.xml:38:9-44:20
	android:enabled
		ADDED from -flightless_bird-master/android/AndroidManifest.xml:40:13-35
	android:name
		ADDED from -flightless_bird-master/android/AndroidManifest.xml:39:13-55
intent-filter#action:name:android.intent.action.BOOT_COMPLETED
ADDED from -flightless_bird-master/android/AndroidManifest.xml:41:13-43:29
action#android.intent.action.BOOT_COMPLETED
ADDED from -flightless_bird-master/android/AndroidManifest.xml:42:17-79
	android:name
		ADDED from -flightless_bird-master/android/AndroidManifest.xml:42:25-76
receiver#com.naysapp.flightlessbird.services.LevelReminderService
ADDED from -flightless_bird-master/android/AndroidManifest.xml:45:9-51:20
	android:enabled
		ADDED from -flightless_bird-master/android/AndroidManifest.xml:47:13-35
	android:name
		ADDED from -flightless_bird-master/android/AndroidManifest.xml:46:13-58
service#com.naysapp.flightlessbird.fcm.MyFirebaseMessagingService
ADDED from -flightless_bird-master/android/AndroidManifest.xml:53:9-59:19
	android:exported
		ADDED from -flightless_bird-master/android/AndroidManifest.xml:55:13-37
	android:name
		ADDED from -flightless_bird-master/android/AndroidManifest.xml:54:13-59
intent-filter#action:name:com.google.firebase.MESSAGING_EVENT
ADDED from -flightless_bird-master/android/AndroidManifest.xml:56:13-58:29
action#com.google.firebase.MESSAGING_EVENT
ADDED from -flightless_bird-master/android/AndroidManifest.xml:57:17-78
	android:name
		ADDED from -flightless_bird-master/android/AndroidManifest.xml:57:25-75
meta-data#com.google.android.gms.games.APP_ID
ADDED from -flightless_bird-master/android/AndroidManifest.xml:62:9-64:46
	android:value
		ADDED from -flightless_bird-master/android/AndroidManifest.xml:64:13-43
	android:name
		ADDED from -flightless_bird-master/android/AndroidManifest.xml:63:13-63
meta-data#com.google.android.gms.version
ADDED from -flightless_bird-master/android/AndroidManifest.xml:66:9-68:69
MERGED from [com.google.android.gms:play-services-basement:16.2.0] AndroidManifest.xml:23:9-25:69
MERGED from [com.google.android.gms:play-services-basement:16.2.0] AndroidManifest.xml:23:9-25:69
	android:value
		ADDED from -flightless_bird-master/android/AndroidManifest.xml:68:13-66
	android:name
		ADDED from -flightless_bird-master/android/AndroidManifest.xml:67:13-58
meta-data#preloaded_fonts
ADDED from -flightless_bird-master/android/AndroidManifest.xml:69:9-71:57
	android:resource
		ADDED from -flightless_bird-master/android/AndroidManifest.xml:71:13-54
	android:name
		ADDED from -flightless_bird-master/android/AndroidManifest.xml:70:13-43
meta-data#com.google.android.gms.ads.APPLICATION_ID
ADDED from -flightless_bird-master/android/AndroidManifest.xml:72:9-74:48
	android:value
		ADDED from -flightless_bird-master/android/AndroidManifest.xml:74:13-45
	android:name
		ADDED from -flightless_bird-master/android/AndroidManifest.xml:73:13-69
meta-data#com.google.firebase.messaging.default_notification_icon
ADDED from -flightless_bird-master/android/AndroidManifest.xml:76:9-78:68
	android:resource
		ADDED from -flightless_bird-master/android/AndroidManifest.xml:78:13-65
	android:name
		ADDED from -flightless_bird-master/android/AndroidManifest.xml:77:13-83
meta-data#com.google.firebase.messaging.default_notification_color
ADDED from -flightless_bird-master/android/AndroidManifest.xml:81:9-83:53
	android:resource
		ADDED from -flightless_bird-master/android/AndroidManifest.xml:83:13-50
	android:name
		ADDED from -flightless_bird-master/android/AndroidManifest.xml:82:13-84
uses-sdk
INJECTED from -flightless_bird-master/android/AndroidManifest.xml reason: use-sdk injection requested
INJECTED from -flightless_bird-master/android/AndroidManifest.xml
INJECTED from -flightless_bird-master/android/AndroidManifest.xml
MERGED from [com.android.support:multidex:1.0.3] AndroidManifest.xml:20:5-43
MERGED from [com.android.support:multidex:1.0.3] AndroidManifest.xml:20:5-43
MERGED from [de.tomgrill.gdxdialogs:gdx-dialogs-android:1.3.0] AndroidManifest.xml:5:5-7:41
MERGED from [de.tomgrill.gdxdialogs:gdx-dialogs-android:1.3.0] AndroidManifest.xml:5:5-7:41
MERGED from [com.android.support:design:28.0.0] AndroidManifest.xml:20:5-44
MERGED from [com.android.support:design:28.0.0] AndroidManifest.xml:20:5-44
MERGED from [com.android.support:appcompat-v7:28.0.0] AndroidManifest.xml:20:5-44
MERGED from [com.android.support:appcompat-v7:28.0.0] AndroidManifest.xml:20:5-44
MERGED from [de.golfgl.gdxgamesvcs:gdx-gamesvcs-android-gpgs:0.2.5] AndroidManifest.xml:5:5-7:41
MERGED from [de.golfgl.gdxgamesvcs:gdx-gamesvcs-android-gpgs:0.2.5] AndroidManifest.xml:5:5-7:41
MERGED from [pl.mk5.gdx-fireapp:gdx-fireapp-android:1.9.2] AndroidManifest.xml:22:5-24:41
MERGED from [pl.mk5.gdx-fireapp:gdx-fireapp-android:1.9.2] AndroidManifest.xml:22:5-24:41
MERGED from [com.google.firebase:firebase-core:16.0.9] AndroidManifest.xml:5:5-44
MERGED from [com.google.firebase:firebase-core:16.0.9] AndroidManifest.xml:5:5-44
MERGED from [com.google.firebase:firebase-storage:17.0.0] AndroidManifest.xml:20:5-22:41
MERGED from [com.google.firebase:firebase-storage:17.0.0] AndroidManifest.xml:20:5-22:41
MERGED from [com.google.firebase:firebase-auth:17.0.0] AndroidManifest.xml:21:5-44
MERGED from [com.google.firebase:firebase-auth:17.0.0] AndroidManifest.xml:21:5-44
MERGED from [com.google.firebase:firebase-database:17.0.0] AndroidManifest.xml:19:5-21:41
MERGED from [com.google.firebase:firebase-database:17.0.0] AndroidManifest.xml:19:5-21:41
MERGED from [com.google.android.gms:play-services-auth:16.0.1] AndroidManifest.xml:20:5-44
MERGED from [com.google.android.gms:play-services-auth:16.0.1] AndroidManifest.xml:20:5-44
MERGED from [com.google.android.gms:play-services-games:17.0.0] AndroidManifest.xml:20:5-44
MERGED from [com.google.android.gms:play-services-games:17.0.0] AndroidManifest.xml:20:5-44
MERGED from [com.google.android.gms:play-services-plus:16.0.0] AndroidManifest.xml:20:5-44
MERGED from [com.google.android.gms:play-services-plus:16.0.0] AndroidManifest.xml:20:5-44
MERGED from [com.google.android.gms:play-services-ads:17.2.1] AndroidManifest.xml:21:5-23:62
MERGED from [com.google.android.gms:play-services-ads:17.2.1] AndroidManifest.xml:21:5-23:62
MERGED from [com.crashlytics.sdk.android:crashlytics:2.10.1] AndroidManifest.xml:12:5-14:63
MERGED from [com.crashlytics.sdk.android:crashlytics:2.10.1] AndroidManifest.xml:12:5-14:63
MERGED from [com.google.firebase:firebase-messaging:18.0.0] AndroidManifest.xml:20:5-44
MERGED from [com.google.firebase:firebase-messaging:18.0.0] AndroidManifest.xml:20:5-44
MERGED from [com.google.firebase:firebase-auth-interop:17.0.0] AndroidManifest.xml:5:5-44
MERGED from [com.google.firebase:firebase-auth-interop:17.0.0] AndroidManifest.xml:5:5-44
MERGED from [com.google.android.gms:play-services-flags:16.0.1] AndroidManifest.xml:20:5-44
MERGED from [com.google.android.gms:play-services-flags:16.0.1] AndroidManifest.xml:20:5-44
MERGED from [com.google.android.gms:play-services-auth-api-phone:16.0.0] AndroidManifest.xml:5:5-44
MERGED from [com.google.android.gms:play-services-auth-api-phone:16.0.0] AndroidManifest.xml:5:5-44